<?xml version="1.0" encoding="UTF-8"?>
<coverage generated="1582296307655" clover="3.2.0">
  <project timestamp="1582296307655" name="All files">
    <metrics statements="23" coveredstatements="23" conditionals="14" coveredconditionals="11" methods="1" coveredmethods="1" elements="38" coveredelements="35" complexity="0" loc="23" ncloc="23" packages="2" files="2" classes="2"/>
    <package name="src">
      <metrics statements="0" coveredstatements="0" conditionals="0" coveredconditionals="0" methods="0" coveredmethods="0"/>
      <file name="index.js" path="/home/evgeny/Documents/frontend-project-lvl2/src/index.js">
        <metrics statements="0" coveredstatements="0" conditionals="0" coveredconditionals="0" methods="0" coveredmethods="0"/>
      </file>
    </package>
    <package name="src.module">
      <metrics statements="23" coveredstatements="23" conditionals="14" coveredconditionals="11" methods="1" coveredmethods="1"/>
      <file name="gendiff.js" path="/home/evgeny/Documents/frontend-project-lvl2/src/module/gendiff.js">
        <metrics statements="23" coveredstatements="23" conditionals="14" coveredconditionals="11" methods="1" coveredmethods="1"/>
        <line num="5" count="1" type="stmt"/>
        <line num="6" count="1" type="stmt"/>
        <line num="24" count="1" type="cond" truecount="0" falsecount="2"/>
        <line num="25" count="7" type="stmt"/>
        <line num="26" count="7" type="stmt"/>
        <line num="27" count="7" type="stmt"/>
        <line num="28" count="7" type="stmt"/>
        <line num="29" count="7" type="stmt"/>
        <line num="30" count="7" type="stmt"/>
        <line num="31" count="7" type="stmt"/>
        <line num="41" count="7" type="stmt"/>
        <line num="42" count="21" type="cond" truecount="2" falsecount="0"/>
        <line num="43" count="7" type="stmt"/>
        <line num="44" count="14" type="cond" truecount="4" falsecount="0"/>
        <line num="45" count="7" type="stmt"/>
        <line num="46" count="7" type="cond" truecount="3" falsecount="1"/>
        <line num="47" count="7" type="stmt"/>
        <line num="48" count="7" type="stmt"/>
        <line num="52" count="7" type="stmt"/>
        <line num="53" count="28" type="cond" truecount="2" falsecount="0"/>
        <line num="54" count="14" type="stmt"/>
        <line num="58" count="7" type="stmt"/>
        <line num="59" count="7" type="stmt"/>
      </file>
    </package>
  </project>
</coverage>
