<?xml version="1.0" encoding="UTF-8"?>
<coverage generated="1582975719461" clover="3.2.0">
  <project timestamp="1582975719461" name="All files">
    <metrics statements="30" coveredstatements="30" conditionals="18" coveredconditionals="16" methods="3" coveredmethods="3" elements="51" coveredelements="49" complexity="0" loc="30" ncloc="30" packages="2" files="3" classes="3"/>
    <package name="src">
      <metrics statements="0" coveredstatements="0" conditionals="0" coveredconditionals="0" methods="0" coveredmethods="0"/>
      <file name="index.js" path="/home/evgeny/Documents/frontend-project-lvl2/src/index.js">
        <metrics statements="0" coveredstatements="0" conditionals="0" coveredconditionals="0" methods="0" coveredmethods="0"/>
      </file>
    </package>
    <package name="src.module">
      <metrics statements="30" coveredstatements="30" conditionals="18" coveredconditionals="16" methods="3" coveredmethods="3"/>
      <file name="gendiff.js" path="/home/evgeny/Documents/frontend-project-lvl2/src/module/gendiff.js">
        <metrics statements="17" coveredstatements="17" conditionals="12" coveredconditionals="11" methods="1" coveredmethods="1"/>
        <line num="3" count="1" type="stmt"/>
        <line num="4" count="21" type="stmt"/>
        <line num="5" count="21" type="stmt"/>
        <line num="6" count="21" type="stmt"/>
        <line num="15" count="21" type="stmt"/>
        <line num="16" count="63" type="cond" truecount="2" falsecount="0"/>
        <line num="17" count="21" type="stmt"/>
        <line num="18" count="42" type="cond" truecount="4" falsecount="0"/>
        <line num="19" count="21" type="stmt"/>
        <line num="20" count="21" type="cond" truecount="3" falsecount="1"/>
        <line num="21" count="21" type="stmt"/>
        <line num="22" count="21" type="stmt"/>
        <line num="26" count="21" type="stmt"/>
        <line num="27" count="84" type="cond" truecount="2" falsecount="0"/>
        <line num="28" count="42" type="stmt"/>
        <line num="32" count="21" type="stmt"/>
        <line num="33" count="21" type="stmt"/>
      </file>
      <file name="parser.js" path="/home/evgeny/Documents/frontend-project-lvl2/src/module/parser.js">
        <metrics statements="13" coveredstatements="13" conditionals="6" coveredconditionals="5" methods="2" coveredmethods="2"/>
        <line num="6" count="1" type="stmt"/>
        <line num="7" count="6" type="stmt"/>
        <line num="8" count="6" type="stmt"/>
        <line num="11" count="1" type="stmt"/>
        <line num="12" count="6" type="stmt"/>
        <line num="14" count="6" type="stmt"/>
        <line num="15" count="6" type="cond" truecount="2" falsecount="0"/>
        <line num="16" count="2" type="stmt"/>
        <line num="17" count="4" type="cond" truecount="2" falsecount="0"/>
        <line num="18" count="2" type="stmt"/>
        <line num="19" count="2" type="cond" truecount="1" falsecount="1"/>
        <line num="20" count="2" type="stmt"/>
        <line num="24" count="6" type="stmt"/>
      </file>
    </package>
  </project>
</coverage>
