{"/home/evgeny/Documents/frontend-project-lvl2/src/index.js": {"path":"/home/evgeny/Documents/frontend-project-lvl2/src/index.js","statementMap":{},"fnMap":{},"branchMap":{},"s":{},"f":{},"b":{},"_coverageSchema":"1a1c01bbd47fc00a2c39e90264f33305004495a9","hash":"a07f12f37d7339464d076486c1198b22bbbdb9e9"}
,"/home/evgeny/Documents/frontend-project-lvl2/src/module/gendiff.js": {"path":"/home/evgeny/Documents/frontend-project-lvl2/src/module/gendiff.js","statementMap":{"0":{"start":{"line":4,"column":22},"end":{"line":4,"column":49}},"1":{"start":{"line":5,"column":22},"end":{"line":5,"column":48}},"2":{"start":{"line":7,"column":16},"end":{"line":43,"column":1}},"3":{"start":{"line":8,"column":15},"end":{"line":8,"column":20}},"4":{"start":{"line":9,"column":29},"end":{"line":9,"column":50}},"5":{"start":{"line":10,"column":19},"end":{"line":10,"column":66}},"6":{"start":{"line":11,"column":24},"end":{"line":11,"column":45}},"7":{"start":{"line":12,"column":29},"end":{"line":12,"column":50}},"8":{"start":{"line":13,"column":19},"end":{"line":13,"column":66}},"9":{"start":{"line":14,"column":24},"end":{"line":14,"column":45}},"10":{"start":{"line":24,"column":2},"end":{"line":33,"column":3}},"11":{"start":{"line":24,"column":15},"end":{"line":24,"column":16}},"12":{"start":{"line":25,"column":4},"end":{"line":32,"column":5}},"13":{"start":{"line":26,"column":6},"end":{"line":26,"column":74}},"14":{"start":{"line":27,"column":11},"end":{"line":32,"column":5}},"15":{"start":{"line":28,"column":6},"end":{"line":28,"column":74}},"16":{"start":{"line":29,"column":11},"end":{"line":32,"column":5}},"17":{"start":{"line":30,"column":6},"end":{"line":30,"column":74}},"18":{"start":{"line":31,"column":6},"end":{"line":31,"column":74}},"19":{"start":{"line":35,"column":2},"end":{"line":39,"column":3}},"20":{"start":{"line":35,"column":15},"end":{"line":35,"column":16}},"21":{"start":{"line":36,"column":4},"end":{"line":38,"column":5}},"22":{"start":{"line":37,"column":6},"end":{"line":37,"column":74}},"23":{"start":{"line":41,"column":2},"end":{"line":41,"column":16}},"24":{"start":{"line":42,"column":2},"end":{"line":42,"column":16}}},"fnMap":{"0":{"name":"(anonymous_0)","decl":{"start":{"line":7,"column":16},"end":{"line":7,"column":17}},"loc":{"start":{"line":7,"column":66},"end":{"line":43,"column":1}},"line":7}},"branchMap":{"0":{"loc":{"start":{"line":7,"column":17},"end":{"line":7,"column":38}},"type":"default-arg","locations":[{"start":{"line":7,"column":25},"end":{"line":7,"column":38}}],"line":7},"1":{"loc":{"start":{"line":7,"column":40},"end":{"line":7,"column":61}},"type":"default-arg","locations":[{"start":{"line":7,"column":48},"end":{"line":7,"column":61}}],"line":7},"2":{"loc":{"start":{"line":25,"column":4},"end":{"line":32,"column":5}},"type":"if","locations":[{"start":{"line":25,"column":4},"end":{"line":32,"column":5}},{"start":{"line":25,"column":4},"end":{"line":32,"column":5}}],"line":25},"3":{"loc":{"start":{"line":27,"column":11},"end":{"line":32,"column":5}},"type":"if","locations":[{"start":{"line":27,"column":11},"end":{"line":32,"column":5}},{"start":{"line":27,"column":11},"end":{"line":32,"column":5}}],"line":27},"4":{"loc":{"start":{"line":27,"column":15},"end":{"line":27,"column":109}},"type":"binary-expr","locations":[{"start":{"line":27,"column":15},"end":{"line":27,"column":48}},{"start":{"line":27,"column":52},"end":{"line":27,"column":109}}],"line":27},"5":{"loc":{"start":{"line":29,"column":11},"end":{"line":32,"column":5}},"type":"if","locations":[{"start":{"line":29,"column":11},"end":{"line":32,"column":5}},{"start":{"line":29,"column":11},"end":{"line":32,"column":5}}],"line":29},"6":{"loc":{"start":{"line":29,"column":15},"end":{"line":29,"column":109}},"type":"binary-expr","locations":[{"start":{"line":29,"column":15},"end":{"line":29,"column":48}},{"start":{"line":29,"column":52},"end":{"line":29,"column":109}}],"line":29},"7":{"loc":{"start":{"line":36,"column":4},"end":{"line":38,"column":5}},"type":"if","locations":[{"start":{"line":36,"column":4},"end":{"line":38,"column":5}},{"start":{"line":36,"column":4},"end":{"line":38,"column":5}}],"line":36}},"s":{"0":1,"1":1,"2":1,"3":7,"4":7,"5":7,"6":7,"7":7,"8":7,"9":7,"10":7,"11":7,"12":21,"13":7,"14":14,"15":7,"16":7,"17":7,"18":7,"19":7,"20":7,"21":28,"22":14,"23":7,"24":7},"f":{"0":7},"b":{"0":[0],"1":[0],"2":[7,14],"3":[7,7],"4":[14,14],"5":[7,0],"6":[7,7],"7":[14,14]},"_coverageSchema":"1a1c01bbd47fc00a2c39e90264f33305004495a9","hash":"b1e6be06e42e9eb70c17ead876cd20a975339c73"}
}
