TN:
SF:src/index.js
FNF:0
FNH:0
LF:0
LH:0
BRF:0
BRH:0
end_of_record
TN:
SF:src/module/gendiff.js
FN:24,(anonymous_0)
FNF:1
FNH:1
FNDA:7,(anonymous_0)
DA:5,1
DA:6,1
DA:24,1
DA:25,7
DA:26,7
DA:27,7
DA:28,7
DA:29,7
DA:30,7
DA:31,7
DA:41,7
DA:42,21
DA:43,7
DA:44,14
DA:45,7
DA:46,7
DA:47,7
DA:48,7
DA:52,7
DA:53,28
DA:54,14
DA:58,7
DA:59,7
LF:23
LH:23
BRDA:24,0,0,0
BRDA:24,1,0,0
BRDA:42,2,0,7
BRDA:42,2,1,14
BRDA:44,3,0,7
BRDA:44,3,1,7
BRDA:44,4,0,14
BRDA:44,4,1,14
BRDA:46,5,0,7
BRDA:46,5,1,0
BRDA:46,6,0,7
BRDA:46,6,1,7
BRDA:53,7,0,14
BRDA:53,7,1,14
BRF:14
BRH:11
end_of_record
