TN:
SF:src/index.js
FNF:0
FNH:0
LF:0
LH:0
BRF:0
BRH:0
end_of_record
TN:
SF:src/module/gendiff.js
FN:7,(anonymous_0)
FNF:1
FNH:1
FNDA:7,(anonymous_0)
DA:4,1
DA:5,1
DA:7,1
DA:8,7
DA:9,7
DA:10,7
DA:11,7
DA:12,7
DA:13,7
DA:14,7
DA:24,7
DA:25,21
DA:26,7
DA:27,14
DA:28,7
DA:29,7
DA:30,7
DA:31,7
DA:35,7
DA:36,28
DA:37,14
DA:41,7
DA:42,7
LF:23
LH:23
BRDA:7,0,0,0
BRDA:7,1,0,0
BRDA:25,2,0,7
BRDA:25,2,1,14
BRDA:27,3,0,7
BRDA:27,3,1,7
BRDA:27,4,0,14
BRDA:27,4,1,14
BRDA:29,5,0,7
BRDA:29,5,1,0
BRDA:29,6,0,7
BRDA:29,6,1,7
BRDA:36,7,0,14
BRDA:36,7,1,14
BRF:14
BRH:11
end_of_record
